Logging port information...
Logging Docker images...
Logging Docker containers...
Logging Nginx configuration...
Logging user information...
Logging system activities...
Unknown option: 
Usage: /mnt/c/Users/USER/devopsfetch/devopsfetch.sh [options]
Options:
  -p, --port [port]        Display all ports and services, or detailed info for a specific port
  -d, --docker [container] List Docker images/containers or details for a specific container
  -n, --nginx [domain]     Display Nginx domains/ports or details for a specific domain
  -u, --users [username]   List all users or details for a specific user
  -t, --time [start end]   Display activities within a specified time range
  -h, --help               Show this help message
Logging port information...
Logging Docker images...
Logging Docker containers...
Logging Nginx configuration...
Logging user information...
Logging system activities...
Unknown option: 
Usage: /mnt/c/Users/USER/devopsfetch/devopsfetch.sh [options]
Options:
  -p, --port [port]        Display all ports and services, or detailed info for a specific port
  -d, --docker [container] List Docker images/containers or details for a specific container
  -n, --nginx [domain]     Display Nginx domains/ports or details for a specific domain
  -u, --users [username]   List all users or details for a specific user
  -t, --time [start end]   Display activities within a specified time range
  -h, --help               Show this help message
Logging port information...
Logging Docker images...
Logging Docker containers...
Logging Nginx configuration...
Logging user information...
Logging system activities...
Unknown option: 
Usage: /mnt/c/Users/USER/devopsfetch/devopsfetch.sh [options]
Options:
  -p, --port [port]        Display all ports and services, or detailed info for a specific port
  -d, --docker [container] List Docker images/containers or details for a specific container
  -n, --nginx [domain]     Display Nginx domains/ports or details for a specific domain
  -u, --users [username]   List all users or details for a specific user
  -t, --time [start end]   Display activities within a specified time range
  -h, --help               Show this help message
Logging port information...
Logging Docker images...
Logging Docker containers...
Logging Nginx configuration...
Logging user information...
Logging system activities...
Unknown option: 
Usage: /mnt/c/Users/USER/devopsfetch/devopsfetch.sh [options]
Options:
  -p, --port [port]        Display all ports and services, or detailed info for a specific port
  -d, --docker [container] List Docker images/containers or details for a specific container
  -n, --nginx [domain]     Display Nginx domains/ports or details for a specific domain
  -u, --users [username]   List all users or details for a specific user
  -t, --time [start end]   Display activities within a specified time range
  -h, --help               Show this help message
Logging port information...
Logging Docker images...
Logging Docker containers...
Logging Nginx configuration...
Logging user information...
Logging system activities...
Unknown option: 
Usage: /mnt/c/Users/USER/devopsfetch/devopsfetch.sh [options]
Options:
  -p, --port [port]        Display all ports and services, or detailed info for a specific port
  -d, --docker [container] List Docker images/containers or details for a specific container
  -n, --nginx [domain]     Display Nginx domains/ports or details for a specific domain
  -u, --users [username]   List all users or details for a specific user
  -t, --time [start end]   Display activities within a specified time range
  -h, --help               Show this help message
Logging port information...
Logging Docker images...
Logging Docker containers...
Logging Nginx configuration...
Logging user information...
Logging system activities...
Unknown option: 
Usage: /mnt/c/Users/USER/devopsfetch/devopsfetch.sh [options]
Options:
  -p, --port [port]        Display all ports and services, or detailed info for a specific port
  -d, --docker [container] List Docker images/containers or details for a specific container
  -n, --nginx [domain]     Display Nginx domains/ports or details for a specific domain
  -u, --users [username]   List all users or details for a specific user
  -t, --time [start end]   Display activities within a specified time range
  -h, --help               Show this help message
Logging port information...
Logging Docker images...
Logging Docker containers...
Logging Nginx configuration...
Logging user information...
Logging system activities...
Unknown option: 
Usage: /mnt/c/Users/USER/devopsfetch/devopsfetch.sh [options]
Options:
  -p, --port [port]        Display all ports and services, or detailed info for a specific port
  -d, --docker [container] List Docker images/containers or details for a specific container
  -n, --nginx [domain]     Display Nginx domains/ports or details for a specific domain
  -u, --users [username]   List all users or details for a specific user
  -t, --time [start end]   Display activities within a specified time range
  -h, --help               Show this help message
Logging port information...
Logging Docker images...
Logging Docker containers...
Logging Nginx configuration...
Logging user information...
Logging system activities...
Unknown option: 
Usage: /mnt/c/Users/USER/devopsfetch/devopsfetch.sh [options]
Options:
  -p, --port [port]        Display all ports and services, or detailed info for a specific port
  -d, --docker [container] List Docker images/containers or details for a specific container
  -n, --nginx [domain]     Display Nginx domains/ports or details for a specific domain
  -u, --users [username]   List all users or details for a specific user
  -t, --time [start end]   Display activities within a specified time range
  -h, --help               Show this help message
Logging port information...
Logging Docker images...
Logging Docker containers...
Logging Nginx configuration...
Logging user information...
Logging system activities...
Unknown option: 
Usage: /mnt/c/Users/USER/devopsfetch/devopsfetch.sh [options]
Options:
  -p, --port [port]        Display all ports and services, or detailed info for a specific port
  -d, --docker [container] List Docker images/containers or details for a specific container
  -n, --nginx [domain]     Display Nginx domains/ports or details for a specific domain
  -u, --users [username]   List all users or details for a specific user
  -t, --time [start end]   Display activities within a specified time range
  -h, --help               Show this help message
Logging port information...
Logging Docker images...
Logging Docker containers...
Logging Nginx configuration...
Logging user information...
Logging system activities...
Unknown option: 
Usage: /mnt/c/Users/USER/devopsfetch/devopsfetch.sh [options]
Options:
  -p, --port [port]        Display all ports and services, or detailed info for a specific port
  -d, --docker [container] List Docker images/containers or details for a specific container
  -n, --nginx [domain]     Display Nginx domains/ports or details for a specific domain
  -u, --users [username]   List all users or details for a specific user
  -t, --time [start end]   Display activities within a specified time range
  -h, --help               Show this help message
Logging port information...
Logging Docker images...
Logging Docker containers...
Logging Nginx configuration...
Logging user information...
Logging system activities...
Unknown option: 
Usage: /mnt/c/Users/USER/devopsfetch/devopsfetch.sh [options]
Options:
  -p, --port [port]        Display all ports and services, or detailed info for a specific port
  -d, --docker [container] List Docker images/containers or details for a specific container
  -n, --nginx [domain]     Display Nginx domains/ports or details for a specific domain
  -u, --users [username]   List all users or details for a specific user
  -t, --time [start end]   Display activities within a specified time range
  -h, --help               Show this help message
Logging port information...
Logging Docker images...
Logging Docker containers...
Logging Nginx configuration...
Logging user information...
Logging system activities...
Unknown option: 
Usage: /mnt/c/Users/USER/devopsfetch/devopsfetch.sh [options]
Options:
  -p, --port [port]        Display all ports and services, or detailed info for a specific port
  -d, --docker [container] List Docker images/containers or details for a specific container
  -n, --nginx [domain]     Display Nginx domains/ports or details for a specific domain
  -u, --users [username]   List all users or details for a specific user
  -t, --time [start end]   Display activities within a specified time range
  -h, --help               Show this help message
Logging port information...
Logging Docker images...
Logging Docker containers...
Logging Nginx configuration...
Logging user information...
Logging system activities...
Unknown option: 
Usage: /mnt/c/Users/USER/devopsfetch/devopsfetch.sh [options]
Options:
  -p, --port [port]        Display all ports and services, or detailed info for a specific port
  -d, --docker [container] List Docker images/containers or details for a specific container
  -n, --nginx [domain]     Display Nginx domains/ports or details for a specific domain
  -u, --users [username]   List all users or details for a specific user
  -t, --time [start end]   Display activities within a specified time range
  -h, --help               Show this help message
Logging port information...
Logging Docker images...
Logging Docker containers...
Logging Nginx configuration...
Logging user information...
Logging system activities...
Unknown option: 
Usage: /mnt/c/Users/USER/devopsfetch/devopsfetch.sh [options]
Options:
  -p, --port [port]        Display all ports and services, or detailed info for a specific port
  -d, --docker [container] List Docker images/containers or details for a specific container
  -n, --nginx [domain]     Display Nginx domains/ports or details for a specific domain
  -u, --users [username]   List all users or details for a specific user
  -t, --time [start end]   Display activities within a specified time range
  -h, --help               Show this help message
Logging port information...
Logging Docker images...
Logging Docker containers...
Logging Nginx configuration...
Logging user information...
Logging system activities...
Unknown option: 
Usage: /mnt/c/Users/USER/devopsfetch/devopsfetch.sh [options]
Options:
  -p, --port [port]        Display all ports and services, or detailed info for a specific port
  -d, --docker [container] List Docker images/containers or details for a specific container
  -n, --nginx [domain]     Display Nginx domains/ports or details for a specific domain
  -u, --users [username]   List all users or details for a specific user
  -t, --time [start end]   Display activities within a specified time range
  -h, --help               Show this help message
Logging port information...
Logging Docker images...
Logging Docker containers...
Logging Nginx configuration...
Logging user information...
Logging system activities...
Unknown option: 
Usage: /mnt/c/Users/USER/devopsfetch/devopsfetch.sh [options]
Options:
  -p, --port [port]        Display all ports and services, or detailed info for a specific port
  -d, --docker [container] List Docker images/containers or details for a specific container
  -n, --nginx [domain]     Display Nginx domains/ports or details for a specific domain
  -u, --users [username]   List all users or details for a specific user
  -t, --time [start end]   Display activities within a specified time range
  -h, --help               Show this help message
Logging port information...
Logging Docker images...
Logging Docker containers...
Logging Nginx configuration...
Logging user information...
Logging system activities...
Unknown option: 
Usage: /mnt/c/Users/USER/devopsfetch/devopsfetch.sh [options]
Options:
  -p, --port [port]        Display all ports and services, or detailed info for a specific port
  -d, --docker [container] List Docker images/containers or details for a specific container
  -n, --nginx [domain]     Display Nginx domains/ports or details for a specific domain
  -u, --users [username]   List all users or details for a specific user
  -t, --time [start end]   Display activities within a specified time range
  -h, --help               Show this help message
Logging port information...
Logging Docker images...
Logging Docker containers...
Logging Nginx configuration...
Logging user information...
Logging system activities...
Unknown option: 
Usage: /mnt/c/Users/USER/devopsfetch/devopsfetch.sh [options]
Options:
  -p, --port [port]        Display all ports and services, or detailed info for a specific port
  -d, --docker [container] List Docker images/containers or details for a specific container
  -n, --nginx [domain]     Display Nginx domains/ports or details for a specific domain
  -u, --users [username]   List all users or details for a specific user
  -t, --time [start end]   Display activities within a specified time range
  -h, --help               Show this help message
Logging port information...
Logging Docker images...
Logging Docker containers...
Logging Nginx configuration...
Logging user information...
Logging system activities...
Unknown option: 
Usage: /mnt/c/Users/USER/devopsfetch/devopsfetch.sh [options]
Options:
  -p, --port [port]        Display all ports and services, or detailed info for a specific port
  -d, --docker [container] List Docker images/containers or details for a specific container
  -n, --nginx [domain]     Display Nginx domains/ports or details for a specific domain
  -u, --users [username]   List all users or details for a specific user
  -t, --time [start end]   Display activities within a specified time range
  -h, --help               Show this help message
Logging port information...
Logging Docker images...
Logging Docker containers...
Logging Nginx configuration...
Logging user information...
Logging system activities...
Unknown option: 
Usage: /mnt/c/Users/USER/devopsfetch/devopsfetch.sh [options]
Options:
  -p, --port [port]        Display all ports and services, or detailed info for a specific port
  -d, --docker [container] List Docker images/containers or details for a specific container
  -n, --nginx [domain]     Display Nginx domains/ports or details for a specific domain
  -u, --users [username]   List all users or details for a specific user
  -t, --time [start end]   Display activities within a specified time range
  -h, --help               Show this help message
Logging port information...
Logging Docker images...
Logging Docker containers...
Logging Nginx configuration...
Logging user information...
Logging system activities...
Unknown option: 
Usage: /mnt/c/Users/USER/devopsfetch/devopsfetch.sh [options]
Options:
  -p, --port [port]        Display all ports and services, or detailed info for a specific port
  -d, --docker [container] List Docker images/containers or details for a specific container
  -n, --nginx [domain]     Display Nginx domains/ports or details for a specific domain
  -u, --users [username]   List all users or details for a specific user
  -t, --time [start end]   Display activities within a specified time range
  -h, --help               Show this help message
Logging port information...
Logging Docker images...
Logging Docker containers...
Logging Nginx configuration...
Logging user information...
Logging system activities...
Unknown option: 
Usage: /mnt/c/Users/USER/devopsfetch/devopsfetch.sh [options]
Options:
  -p, --port [port]        Display all ports and services, or detailed info for a specific port
  -d, --docker [container] List Docker images/containers or details for a specific container
  -n, --nginx [domain]     Display Nginx domains/ports or details for a specific domain
  -u, --users [username]   List all users or details for a specific user
  -t, --time [start end]   Display activities within a specified time range
  -h, --help               Show this help message
